2024-07-14 14:34:41.832 [info] Getting Manifest... ms-python.python
2024-07-14 14:34:42.026 [info] Installing extension: ms-python.python {"isMachineScoped":false,"installPreReleaseVersion":false,"pinned":false,"profileLocation":{"$mid":1,"external":"vscode-userdata:/home/strongerfx/.vscode-oss/extensions/extensions.json","path":"/home/strongerfx/.vscode-oss/extensions/extensions.json","scheme":"vscode-userdata"},"installOnlyNewlyAddedFromExtensionPack":true,"isApplicationScoped":false,"productVersion":{"version":"1.91.1","date":"2024-07-12T15:10:53.972Z"}}
2024-07-14 14:34:42.252 [info] Getting Manifest... ms-python.debugpy
2024-07-14 14:34:43.577 [info] Installing extension: ms-python.debugpy {"isMachineScoped":false,"installPreReleaseVersion":false,"pinned":false,"profileLocation":{"$mid":1,"external":"vscode-userdata:/home/strongerfx/.vscode-oss/extensions/extensions.json","path":"/home/strongerfx/.vscode-oss/extensions/extensions.json","scheme":"vscode-userdata"},"installOnlyNewlyAddedFromExtensionPack":true,"isApplicationScoped":false,"productVersion":{"version":"1.91.1","date":"2024-07-12T15:10:53.972Z"},"context":{"dependecyOrPackExtensionInstall":true}}
2024-07-14 14:36:06.414 [error] Could not load vsce-sign module Cannot find module '@vscode/vsce-sign'
Require stack:
- /usr/lib/code/out/bootstrap-amd.js
- /usr/lib/code/out/bootstrap-fork.js
2024-07-14 14:36:06.415 [info] Extension signature verification is not done: ms-python.debugpy
2024-07-14 14:36:07.061 [info] Extracted extension to file:///home/strongerfx/.vscode-oss/extensions/ms-python.debugpy-2024.8.0-linux-x64: ms-python.debugpy
2024-07-14 14:36:07.121 [info] Renamed to /home/strongerfx/.vscode-oss/extensions/ms-python.debugpy-2024.8.0-linux-x64
2024-07-14 14:36:07.214 [error] [uncaught exception in sharedProcess]: Error: ENOENT: no such file or directory, stat '/home/strongerfx/.vscode-oss/extensions/extensions.json.vsctmp': EntryNotFound (FileSystemError): Error: ENOENT: no such file or directory, stat '/home/strongerfx/.vscode-oss/extensions/extensions.json.vsctmp'
    at h.create (/usr/lib/code/out/vs/code/node/sharedProcess/sharedProcessMain.js:54:19262)
    at f (/usr/lib/code/out/vs/code/node/sharedProcess/sharedProcessMain.js:54:19372)
    at P.hb (/usr/lib/code/out/vs/code/node/sharedProcess/sharedProcessMain.js:59:36571)
    at P.stat (/usr/lib/code/out/vs/code/node/sharedProcess/sharedProcessMain.js:59:28919)
    at async s.stat (/usr/lib/code/out/vs/code/node/sharedProcess/sharedProcessMain.js:59:14907)
    at async V.vb (/usr/lib/code/out/vs/code/node/sharedProcess/sharedProcessMain.js:105:119283)
2024-07-14 14:38:11.596 [error] Could not load vsce-sign module Cannot find module '@vscode/vsce-sign'
Require stack:
- /usr/lib/code/out/bootstrap-amd.js
- /usr/lib/code/out/bootstrap-fork.js
2024-07-14 14:38:11.597 [info] Extension signature verification is not done: ms-python.python
2024-07-14 14:38:13.347 [info] Extracted extension to file:///home/strongerfx/.vscode-oss/extensions/ms-python.python-2024.10.0-universal: ms-python.python
2024-07-14 14:38:13.415 [info] Renamed to /home/strongerfx/.vscode-oss/extensions/ms-python.python-2024.10.0-universal
2024-07-14 14:38:13.492 [info] Extension installed successfully: ms-python.debugpy vscode-userdata:/home/strongerfx/.vscode-oss/extensions/extensions.json
2024-07-14 14:38:13.492 [info] Extension installed successfully: ms-python.python vscode-userdata:/home/strongerfx/.vscode-oss/extensions/extensions.json
2024-07-14 14:38:13.505 [error] [uncaught exception in sharedProcess]: Error: ENOENT: no such file or directory, stat '/home/strongerfx/.vscode-oss/extensions/extensions.json.vsctmp': EntryNotFound (FileSystemError): Error: ENOENT: no such file or directory, stat '/home/strongerfx/.vscode-oss/extensions/extensions.json.vsctmp'
    at h.create (/usr/lib/code/out/vs/code/node/sharedProcess/sharedProcessMain.js:54:19262)
    at f (/usr/lib/code/out/vs/code/node/sharedProcess/sharedProcessMain.js:54:19372)
    at P.hb (/usr/lib/code/out/vs/code/node/sharedProcess/sharedProcessMain.js:59:36571)
    at P.stat (/usr/lib/code/out/vs/code/node/sharedProcess/sharedProcessMain.js:59:28919)
    at async s.stat (/usr/lib/code/out/vs/code/node/sharedProcess/sharedProcessMain.js:59:14907)
    at async V.vb (/usr/lib/code/out/vs/code/node/sharedProcess/sharedProcessMain.js:105:119283)
