2024-07-13 03:07:26.458 [info] Log level: Info
2024-07-13 03:07:26.458 [info] Validating found git in: "git"
2024-07-13 03:07:26.458 [info] Using git "2.45.2" from "git"
2024-07-13 03:07:26.458 [info] > git rev-parse --show-toplevel [6ms]
2024-07-13 03:07:26.458 [info] fatal: not a git repository (or any of the parent directories): .git
2024-07-13 03:07:26.458 [info] > git rev-parse --show-toplevel [5ms]
2024-07-13 03:07:26.458 [info] fatal: not a git repository (or any of the parent directories): .git
2024-07-13 03:07:26.474 [info] > git rev-parse --show-toplevel [4ms]
2024-07-13 03:07:26.474 [info] fatal: not a git repository (or any of the parent directories): .git
2024-07-13 03:07:26.500 [info] > git rev-parse --show-toplevel [18ms]
2024-07-13 03:07:26.501 [info] fatal: not a git repository (or any of the parent directories): .git
2024-07-13 03:07:26.523 [info] > git rev-parse --show-toplevel [3ms]
2024-07-13 03:07:26.523 [info] fatal: not a git repository (or any of the parent directories): .git
2024-07-13 03:07:26.532 [info] > git rev-parse --show-toplevel [2ms]
2024-07-13 03:07:26.532 [info] fatal: not a git repository (or any of the parent directories): .git
2024-07-13 03:07:26.542 [info] > git rev-parse --show-toplevel [2ms]
2024-07-13 03:07:26.542 [info] fatal: not a git repository (or any of the parent directories): .git
2024-07-13 03:07:26.553 [info] > git rev-parse --show-toplevel [3ms]
2024-07-13 03:07:26.553 [info] fatal: not a git repository (or any of the parent directories): .git
2024-07-13 03:07:26.568 [info] > git rev-parse --show-toplevel [1ms]
2024-07-13 03:07:26.568 [info] fatal: not a git repository (or any of the parent directories): .git
2024-07-13 03:07:26.575 [info] > git rev-parse --show-toplevel [2ms]
2024-07-13 03:07:26.575 [info] fatal: not a git repository (or any of the parent directories): .git
2024-07-13 03:07:26.590 [info] > git rev-parse --show-toplevel [2ms]
2024-07-13 03:07:26.590 [info] fatal: not a git repository (or any of the parent directories): .git
2024-07-13 03:07:26.601 [info] > git rev-parse --show-toplevel [2ms]
2024-07-13 03:07:26.602 [info] fatal: not a git repository (or any of the parent directories): .git
2024-07-13 03:07:26.609 [info] > git rev-parse --show-toplevel [1ms]
2024-07-13 03:07:26.609 [info] fatal: not a git repository (or any of the parent directories): .git
2024-07-13 03:07:26.618 [info] > git rev-parse --show-toplevel [2ms]
2024-07-13 03:07:26.618 [info] fatal: not a git repository (or any of the parent directories): .git
2024-07-13 03:07:26.627 [info] > git rev-parse --show-toplevel [2ms]
2024-07-13 03:07:26.627 [info] fatal: not a git repository (or any of the parent directories): .git
2024-07-13 03:07:26.640 [info] > git rev-parse --show-toplevel [6ms]
2024-07-13 03:07:26.640 [info] fatal: not a git repository (or any of the parent directories): .git
2024-07-13 03:07:26.769 [info] > git rev-parse --show-toplevel [3ms]
2024-07-13 03:07:26.769 [info] fatal: not a git repository (or any of the parent directories): .git
2024-07-13 03:07:37.362 [info] > git rev-parse --show-toplevel [2ms]
2024-07-13 03:07:37.362 [info] fatal: not a git repository (or any of the parent directories): .git
2024-07-13 03:08:13.505 [info] > git rev-parse --show-toplevel [1ms]
2024-07-13 03:08:13.505 [info] fatal: not a git repository (or any of the parent directories): .git
2024-07-13 03:08:14.558 [info] > git rev-parse --show-toplevel [3ms]
2024-07-13 03:08:14.558 [info] fatal: not a git repository (or any of the parent directories): .git
2024-07-13 03:10:09.405 [info] > git rev-parse --show-toplevel [22ms]
2024-07-13 03:10:09.405 [info] fatal: not a git repository (or any of the parent directories): .git
2024-07-13 03:10:21.822 [info] > git rev-parse --show-toplevel [12ms]
2024-07-13 03:10:21.822 [info] fatal: not a git repository (or any of the parent directories): .git
