2024-07-13 04:11:04.350 [info] Log level: Info
2024-07-13 04:11:04.350 [info] Validating found git in: "git"
2024-07-13 04:11:04.350 [info] Using git "2.45.2" from "git"
2024-07-13 04:11:04.350 [info] > git rev-parse --show-toplevel [13ms]
2024-07-13 04:11:04.350 [info] fatal: not a git repository (or any of the parent directories): .git
2024-07-13 04:11:04.356 [info] > git rev-parse --show-toplevel [1ms]
2024-07-13 04:11:04.356 [info] fatal: not a git repository (or any of the parent directories): .git
2024-07-13 04:11:04.361 [info] > git rev-parse --show-toplevel [1ms]
2024-07-13 04:11:04.361 [info] fatal: not a git repository (or any of the parent directories): .git
2024-07-13 04:11:04.366 [info] > git rev-parse --show-toplevel [1ms]
2024-07-13 04:11:04.367 [info] fatal: not a git repository (or any of the parent directories): .git
2024-07-13 04:11:04.372 [info] > git rev-parse --show-toplevel [1ms]
2024-07-13 04:11:04.372 [info] fatal: not a git repository (or any of the parent directories): .git
2024-07-13 04:11:04.376 [info] > git rev-parse --show-toplevel [1ms]
2024-07-13 04:11:04.376 [info] fatal: not a git repository (or any of the parent directories): .git
2024-07-13 04:11:04.382 [info] > git rev-parse --show-toplevel [1ms]
2024-07-13 04:11:04.382 [info] fatal: not a git repository (or any of the parent directories): .git
2024-07-13 04:11:04.388 [info] > git rev-parse --show-toplevel [2ms]
2024-07-13 04:11:04.388 [info] fatal: not a git repository (or any of the parent directories): .git
2024-07-13 04:11:04.393 [info] > git rev-parse --show-toplevel [2ms]
2024-07-13 04:11:04.393 [info] fatal: not a git repository (or any of the parent directories): .git
2024-07-13 04:11:04.399 [info] > git rev-parse --show-toplevel [1ms]
2024-07-13 04:11:04.399 [info] fatal: not a git repository (or any of the parent directories): .git
2024-07-13 04:11:04.404 [info] > git rev-parse --show-toplevel [1ms]
2024-07-13 04:11:04.404 [info] fatal: not a git repository (or any of the parent directories): .git
2024-07-13 04:11:14.944 [info] > git rev-parse --show-toplevel [2ms]
2024-07-13 04:11:14.944 [info] fatal: not a git repository (or any of the parent directories): .git
2024-07-13 04:19:06.537 [info] > git rev-parse --show-toplevel [1ms]
2024-07-13 04:19:06.537 [info] fatal: not a git repository (or any of the parent directories): .git
2024-07-13 04:19:18.078 [info] > git rev-parse --show-toplevel [3ms]
2024-07-13 04:19:18.079 [info] fatal: not a git repository (or any of the parent directories): .git
2024-07-13 04:21:39.439 [info] > git rev-parse --show-toplevel [1ms]
2024-07-13 04:21:39.439 [info] fatal: not a git repository (or any of the parent directories): .git
2024-07-13 04:22:00.481 [info] > git rev-parse --show-toplevel [2ms]
2024-07-13 04:22:00.481 [info] fatal: not a git repository (or any of the parent directories): .git
2024-07-13 04:23:23.593 [info] > git rev-parse --show-toplevel [7ms]
2024-07-13 04:23:23.593 [info] fatal: not a git repository (or any of the parent directories): .git
2024-07-13 04:23:41.097 [info] > git rev-parse --show-toplevel [6ms]
2024-07-13 04:23:41.097 [info] fatal: not a git repository (or any of the parent directories): .git
2024-07-13 04:23:47.323 [info] > git rev-parse --show-toplevel [8ms]
2024-07-13 04:23:47.323 [info] fatal: not a git repository (or any of the parent directories): .git
2024-07-13 04:25:09.092 [info] > git rev-parse --show-toplevel [2ms]
2024-07-13 04:25:09.092 [info] fatal: not a git repository (or any of the parent directories): .git
2024-07-13 04:25:13.807 [info] > git rev-parse --show-toplevel [3ms]
2024-07-13 04:25:13.807 [info] fatal: not a git repository (or any of the parent directories): .git
2024-07-13 04:28:36.554 [info] > git rev-parse --show-toplevel [2ms]
2024-07-13 04:28:36.554 [info] fatal: not a git repository (or any of the parent directories): .git
2024-07-13 04:29:01.861 [info] > git rev-parse --show-toplevel [9ms]
2024-07-13 04:29:01.861 [info] fatal: not a git repository (or any of the parent directories): .git
2024-07-13 04:29:10.688 [info] > git rev-parse --show-toplevel [12ms]
2024-07-13 04:29:10.688 [info] fatal: not a git repository (or any of the parent directories): .git
2024-07-13 04:29:38.445 [info] > git rev-parse --show-toplevel [2ms]
2024-07-13 04:29:38.446 [info] fatal: not a git repository (or any of the parent directories): .git
2024-07-13 04:29:54.878 [info] > git rev-parse --show-toplevel [2ms]
2024-07-13 04:29:54.878 [info] fatal: not a git repository (or any of the parent directories): .git
2024-07-13 04:30:38.616 [info] > git rev-parse --show-toplevel [2ms]
2024-07-13 04:30:38.616 [info] fatal: not a git repository (or any of the parent directories): .git
