2024-07-13 02:49:07.609 [info] Reading sessions from keychain...
2024-07-13 02:49:07.609 [info] Getting sessions for all scopes...
2024-07-13 02:49:07.609 [info] Got 0 sessions for ...
2024-07-13 02:49:07.609 [info] Getting sessions for read:user,repo,user:email,workflow...
2024-07-13 02:49:07.609 [info] Got 0 sessions for read:user,repo,user:email,workflow...
2024-07-13 02:52:01.680 [info] Getting sessions for read:user,repo,user:email,workflow...
2024-07-13 02:52:01.680 [info] Got 0 sessions for read:user,repo,user:email,workflow...
2024-07-13 02:52:03.118 [info] Logging in for the following scopes: read:user repo user:email workflow
2024-07-13 02:52:03.137 [info] Trying device code flow... (read:user repo user:email workflow)
2024-07-13 02:54:17.505 [info] Getting user info...
2024-07-13 02:54:18.056 [info] Got account info!
2024-07-13 02:54:18.057 [info] Storing 1 sessions...
2024-07-13 02:54:20.535 [info] Reading sessions from keychain...
2024-07-13 02:54:20.535 [info] Stored 1 sessions!
2024-07-13 02:54:20.535 [info] Login success!
2024-07-13 02:54:20.669 [info] Got stored sessions!
2024-07-13 02:54:20.670 [info] Got 1 verified sessions.
2024-07-13 02:54:21.120 [info] Getting sessions for read:user,repo,user:email,workflow...
2024-07-13 02:54:21.120 [info] Got 1 sessions for read:user,repo,user:email,workflow...
2024-07-13 02:54:21.191 [info] Getting sessions for read:user,repo,user:email,workflow...
2024-07-13 02:54:21.191 [info] Got 1 sessions for read:user,repo,user:email,workflow...
