2024-07-14 14:23:33.651 [info] Extension host with pid 896 started
2024-07-14 14:23:33.651 [info] Skipping acquiring lock for /home/strongerfx/.config/Code - OSS/User/workspaceStorage/99814a1ae2abf1f02d7f160bdad75343.
2024-07-14 14:23:33.936 [info] ExtensionService#_doActivateExtension vscode.emmet, startup: false, activationEvent: 'onLanguage'
2024-07-14 14:23:34.140 [info] ExtensionService#_doActivateExtension vscode.git-base, startup: true, activationEvent: '*', root cause: vscode.git
2024-07-14 14:23:34.304 [info] ExtensionService#_doActivateExtension vscode.git, startup: true, activationEvent: '*'
2024-07-14 14:23:34.882 [info] ExtensionService#_doActivateExtension vscode.github, startup: true, activationEvent: '*'
2024-07-14 14:23:35.273 [info] Eager extensions activated
2024-07-14 14:23:37.696 [info] ExtensionService#_doActivateExtension vscode.debug-auto-launch, startup: false, activationEvent: 'onStartupFinished'
2024-07-14 14:23:37.753 [info] ExtensionService#_doActivateExtension vscode.merge-conflict, startup: false, activationEvent: 'onStartupFinished'
2024-07-14 14:23:37.968 [info] ExtensionService#_doActivateExtension Codeium.codeium, startup: false, activationEvent: 'onStartupFinished'
2024-07-14 14:28:09.416 [info] ExtensionService#_doActivateExtension vscode.configuration-editing, startup: false, activationEvent: 'onLanguage:jsonc'
2024-07-14 14:28:09.470 [info] ExtensionService#_doActivateExtension vscode.json-language-features, startup: false, activationEvent: 'onLanguage:jsonc'
2024-07-14 14:28:09.560 [info] ExtensionService#_doActivateExtension vscode.typescript-language-features, startup: false, activationEvent: 'onLanguage:jsonc'
2024-07-14 14:38:13.783 [info] ExtensionService#_doActivateExtension ms-python.python, startup: false, activationEvent: 'onLanguage:python', root cause: ms-python.debugpy
2024-07-14 14:38:14.070 [error] Error: spawn /home/strongerfx/.vscode-oss/extensions/ms-python.python-2024.10.0-universal/python-env-tools/bin/pet ENOENT
	at ChildProcess._handle.onexit (node:internal/child_process:286:19)
	at onErrorNT (node:internal/child_process:484:16)
	at process.processTicksAndRejections (node:internal/process/task_queues:82:21)
2024-07-14 14:38:14.185 [info] ExtensionService#_doActivateExtension ms-python.debugpy, startup: false, activationEvent: 'onLanguage:python'
2024-07-14 14:38:14.279 [error] Activating extension ms-python.debugpy failed due to an error:
2024-07-14 14:38:14.279 [error] Error: Extension 'ms-python.debugpy' CANNOT use API proposal: portsAttributes.
Its package.json#enabledApiProposals-property declares:  but NOT portsAttributes.
 The missing proposal MUST be added and you must start in extension development mode or use the following command line switch: --enable-proposed-api ms-python.debugpy
	at P (/usr/lib/code/out/vs/workbench/api/node/extensionHostProcess.js:142:57960)
	at Object.registerPortAttributesProvider (/usr/lib/code/out/vs/workbench/api/node/extensionHostProcess.js:164:42563)
	at t.registerDebugger (/home/strongerfx/.vscode-oss/extensions/ms-python.debugpy-2024.8.0-linux-x64/dist/extension.js:2:880557)
	at e.activate (/home/strongerfx/.vscode-oss/extensions/ms-python.debugpy-2024.8.0-linux-x64/dist/extension.js:2:1128458)
	at K.kb (/usr/lib/code/out/vs/workbench/api/node/extensionHostProcess.js:160:13532)
	at K.jb (/usr/lib/code/out/vs/workbench/api/node/extensionHostProcess.js:160:13245)
	at /usr/lib/code/out/vs/workbench/api/node/extensionHostProcess.js:160:11246
	at async c.n (/usr/lib/code/out/vs/workbench/api/node/extensionHostProcess.js:144:6384)
	at async c.m (/usr/lib/code/out/vs/workbench/api/node/extensionHostProcess.js:144:6347)
	at async c.l (/usr/lib/code/out/vs/workbench/api/node/extensionHostProcess.js:144:5804)
2024-07-14 14:38:16.469 [error] Error: Extension 'ms-python.python' CANNOT use API proposal: testObserver.
Its package.json#enabledApiProposals-property declares:  but NOT testObserver.
 The missing proposal MUST be added and you must start in extension development mode or use the following command line switch: --enable-proposed-api ms-python.python
	at P (/usr/lib/code/out/vs/workbench/api/node/extensionHostProcess.js:142:57960)
	at get testResults (/usr/lib/code/out/vs/workbench/api/node/extensionHostProcess.js:164:25429)
	at T.activate (/home/strongerfx/.vscode-oss/extensions/ms-python.python-2024.10.0-universal/out/client/extension.js:2:824391)
	at /home/strongerfx/.vscode-oss/extensions/ms-python.python-2024.10.0-universal/out/client/extension.js:2:2460
	at Array.map (<anonymous>)
	at m.activateWorkspace (/home/strongerfx/.vscode-oss/extensions/ms-python.python-2024.10.0-universal/out/client/extension.js:2:2450)
2024-07-14 14:40:12.901 [info] ExtensionService#_doActivateExtension vscode.npm, startup: false, activationEvent: 'onTerminalQuickFixRequest:ms-vscode.npm-command'
2024-07-14 14:51:23.234 [info] ExtensionService#_doActivateExtension vscode.css-language-features, startup: false, activationEvent: 'onLanguage:css'
