2024-07-14 14:38:14.287 [error] Reading directory to watch failed [Error: ENOENT: no such file or directory, scandir '/home/strongerfx/.config/.pixi/envs'
	at Object.readdirSync (node:fs:1513:3)
	at t.readdirSync (node:electron/js2c/node_init:2:11289)
	at /home/strongerfx/.vscode-oss/extensions/ms-python.python-2024.10.0-universal/out/client/extension.js:2:574598
	at /home/strongerfx/.vscode-oss/extensions/ms-python.python-2024.10.0-universal/out/client/extension.js:2:574789
	at Array.map (<anonymous>)
	at d.initWatchers (/home/strongerfx/.vscode-oss/extensions/ms-python.python-2024.10.0-universal/out/client/extension.js:2:574507)
	at async d.ensureWatchersReady (/home/strongerfx/.vscode-oss/extensions/ms-python.python-2024.10.0-universal/out/client/extension.js:2:536827)] {
  errno: -2,
  syscall: 'scandir',
  code: 'ENOENT',
  path: '/home/strongerfx/.config/.pixi/envs'
}
2024-07-14 14:38:14.287 [error] Dir "/home/strongerfx/.config/.pixi/envs" is not watchable (directory does not exist)
2024-07-14 14:38:14.287 [info] Default formatter is set to null for workspace /home/strongerfx/.config
2024-07-14 14:38:14.287 [error] Unable to check if shell integration is active [Error: Extension 'ms-python.python' CANNOT use API proposal: terminalDataWriteEvent.
Its package.json#enabledApiProposals-property declares:  but NOT terminalDataWriteEvent.
 The missing proposal MUST be added and you must start in extension development mode or use the following command line switch: --enable-proposed-api ms-python.python
	at P (/usr/lib/code/out/vs/workbench/api/node/extensionHostProcess.js:142:57960)
	at a.onDidWriteTerminalData (/usr/lib/code/out/vs/workbench/api/node/extensionHostProcess.js:164:32723)
	at new m (/home/strongerfx/.vscode-oss/extensions/ms-python.python-2024.10.0-universal/out/client/extension.js:2:795800)
	at t.resolveInstance (/home/strongerfx/.vscode-oss/extensions/ms-python.python-2024.10.0-universal/out/client/extension.js:2:1647601)
	at /home/strongerfx/.vscode-oss/extensions/ms-python.python-2024.10.0-universal/out/client/extension.js:2:1649509
	at Array.map (<anonymous>)
	at t.resolveInstance (/home/strongerfx/.vscode-oss/extensions/ms-python.python-2024.10.0-universal/out/client/extension.js:2:1647375)
	at /home/strongerfx/.vscode-oss/extensions/ms-python.python-2024.10.0-universal/out/client/extension.js:2:1649509
	at t.resolve (/home/strongerfx/.vscode-oss/extensions/ms-python.python-2024.10.0-universal/out/client/extension.js:2:1649772)
	at /home/strongerfx/.vscode-oss/extensions/ms-python.python-2024.10.0-universal/out/client/extension.js:2:1633335
	at e._get (/home/strongerfx/.vscode-oss/extensions/ms-python.python-2024.10.0-universal/out/client/extension.js:2:1633101)
	at e.get (/home/strongerfx/.vscode-oss/extensions/ms-python.python-2024.10.0-universal/out/client/extension.js:2:1631813)
	at e.dynamicValue (/home/strongerfx/.vscode-oss/extensions/ms-python.python-2024.10.0-universal/out/client/extension.js:2:1654877)
	at /home/strongerfx/.vscode-oss/extensions/ms-python.python-2024.10.0-universal/out/client/extension.js:2:1648998
	at c (/home/strongerfx/.vscode-oss/extensions/ms-python.python-2024.10.0-universal/out/client/extension.js:2:1648044)
	at /home/strongerfx/.vscode-oss/extensions/ms-python.python-2024.10.0-universal/out/client/extension.js:2:1648938
	at /home/strongerfx/.vscode-oss/extensions/ms-python.python-2024.10.0-universal/out/client/extension.js:2:1648457
	at Array.map (<anonymous>)
	at /home/strongerfx/.vscode-oss/extensions/ms-python.python-2024.10.0-universal/out/client/extension.js:2:1648429
	at Array.map (<anonymous>)
	at t.resolveInstance (/home/strongerfx/.vscode-oss/extensions/ms-python.python-2024.10.0-universal/out/client/extension.js:2:1647375)
	at /home/strongerfx/.vscode-oss/extensions/ms-python.python-2024.10.0-universal/out/client/extension.js:2:1649509
	at t.resolve (/home/strongerfx/.vscode-oss/extensions/ms-python.python-2024.10.0-universal/out/client/extension.js:2:1649772)
	at /home/strongerfx/.vscode-oss/extensions/ms-python.python-2024.10.0-universal/out/client/extension.js:2:1633335
	at e._get (/home/strongerfx/.vscode-oss/extensions/ms-python.python-2024.10.0-universal/out/client/extension.js:2:1633101)
	at e.get (/home/strongerfx/.vscode-oss/extensions/ms-python.python-2024.10.0-universal/out/client/extension.js:2:1631813)
	at a.get (/home/strongerfx/.vscode-oss/extensions/ms-python.python-2024.10.0-universal/out/client/extension.js:2:476784)
	at /home/strongerfx/.vscode-oss/extensions/ms-python.python-2024.10.0-universal/out/client/extension.js:2:397213
	at async t.activateComponents (/home/strongerfx/.vscode-oss/extensions/ms-python.python-2024.10.0-universal/out/client/extension.js:2:395500)
	at async /home/strongerfx/.vscode-oss/extensions/ms-python.python-2024.10.0-universal/out/client/extension.js:2:2572500
	at async e (/home/strongerfx/.vscode-oss/extensions/ms-python.python-2024.10.0-universal/out/client/extension.js:2:2572032)
	at async c.n (/usr/lib/code/out/vs/workbench/api/node/extensionHostProcess.js:144:6384)
	at async c.m (/usr/lib/code/out/vs/workbench/api/node/extensionHostProcess.js:144:6347)
	at async c.l (/usr/lib/code/out/vs/workbench/api/node/extensionHostProcess.js:144:5804)]
2024-07-14 14:38:14.287 [info] Starting Environment refresh
2024-07-14 14:38:14.287 [info] Searching for interpreters in posix paths locator
2024-07-14 14:38:14.287 [info] Searching for pyenv environments
2024-07-14 14:38:14.287 [info] Searching for conda environments
2024-07-14 14:38:14.287 [info] Searching for global virtual environments
2024-07-14 14:38:14.287 [info] Searching for custom virtual environments
2024-07-14 14:38:14.287 [info] pyenv is not installed
2024-07-14 14:38:14.287 [info] Finished searching for pyenv environments: 18 milliseconds
2024-07-14 14:38:14.287 [info] Finished searching for custom virtual envs: 17 milliseconds
2024-07-14 14:38:14.287 [info] > conda info --json
2024-07-14 14:38:14.287 [info] > pixi --version
2024-07-14 14:38:14.287 [error] [Error: spawn pixi ENOENT
	at ChildProcess._handle.onexit (node:internal/child_process:286:19)
	at onErrorNT (node:internal/child_process:484:16)
	at process.processTicksAndRejections (node:internal/process/task_queues:82:21)] {
  errno: -2,
  code: 'ENOENT',
  syscall: 'spawn pixi',
  path: 'pixi',
  spawnargs: [ '--version' ]
}
2024-07-14 14:38:14.287 [info] > hatch env show --json
2024-07-14 14:38:14.287 [info] cwd: .
2024-07-14 14:38:14.287 [info] > pyenv which python
2024-07-14 14:38:14.287 [info] cwd: .
2024-07-14 14:38:14.287 [info] Finished searching for global virtual envs: 120 milliseconds
2024-07-14 14:38:14.289 [info] Found: /bin/python --> /bin/python3.12
2024-07-14 14:38:14.290 [info] Found: /bin/python3 --> /bin/python3.12
2024-07-14 14:38:14.291 [info] Found: /bin/python3.12 --> /bin/python3.12
2024-07-14 14:38:14.310 [info] Found: /sbin/python --> /sbin/python3.12
2024-07-14 14:38:14.310 [info] Found: /sbin/python3 --> /sbin/python3.12
2024-07-14 14:38:14.310 [info] Found: /sbin/python3.12 --> /sbin/python3.12
2024-07-14 14:38:14.315 [info] Found: /usr/bin/python --> /usr/bin/python3.12
2024-07-14 14:38:14.316 [info] Found: /usr/bin/python3 --> /usr/bin/python3.12
2024-07-14 14:38:14.316 [info] Found: /usr/bin/python3.12 --> /usr/bin/python3.12
2024-07-14 14:38:14.396 [info] Found: /usr/sbin/python --> /usr/sbin/python3.12
2024-07-14 14:38:14.396 [info] Found: /usr/sbin/python3 --> /usr/sbin/python3.12
2024-07-14 14:38:14.396 [info] Found: /usr/sbin/python3.12 --> /usr/sbin/python3.12
2024-07-14 14:38:14.417 [info] > /bin/python -I ~/.vscode-oss/extensions/ms-python.python-2024.10.0-universal/python_files/get_output_via_markers.py ~/.vscode-oss/extensions/ms-python.python-2024.10.0-universal/python_files/interpreterInfo.py
2024-07-14 14:38:14.430 [info] > /sbin/python -I ~/.vscode-oss/extensions/ms-python.python-2024.10.0-universal/python_files/get_output_via_markers.py ~/.vscode-oss/extensions/ms-python.python-2024.10.0-universal/python_files/interpreterInfo.py
2024-07-14 14:38:14.439 [info] Finished searching for interpreters in posix paths locator: 302 milliseconds
2024-07-14 14:38:14.447 [info] Environments refresh paths discovered (event): 311 milliseconds
2024-07-14 14:38:14.447 [info] Environments refresh paths discovered: 311 milliseconds
2024-07-14 14:38:15.397 [info] > /usr/bin/python -I ~/.vscode-oss/extensions/ms-python.python-2024.10.0-universal/python_files/get_output_via_markers.py ~/.vscode-oss/extensions/ms-python.python-2024.10.0-universal/python_files/interpreterInfo.py
2024-07-14 14:38:15.405 [info] > /usr/sbin/python -I ~/.vscode-oss/extensions/ms-python.python-2024.10.0-universal/python_files/get_output_via_markers.py ~/.vscode-oss/extensions/ms-python.python-2024.10.0-universal/python_files/interpreterInfo.py
2024-07-14 14:38:15.449 [info] Environments refresh finished (event): 1313 milliseconds
2024-07-14 14:38:15.458 [info] Environment refresh took 1322 milliseconds
2024-07-14 14:38:15.460 [warning] could not find a pixi interpreter for the interpreter at /bin/python
2024-07-14 14:38:15.467 [error] [
  'Failed to activate a workspace, Class name = m, completed in 1333ms, has a falsy return value, Arg 1: <Uri:/home/strongerfx/.config>, Arg 2: {"started":1720978694024}, Return Value: undefined',
  [Error: Extension 'ms-python.python' CANNOT use API proposal: testObserver.
  Its package.json#enabledApiProposals-property declares:  but NOT testObserver.
   The missing proposal MUST be added and you must start in extension development mode or use the following command line switch: --enable-proposed-api ms-python.python
  	at P (/usr/lib/code/out/vs/workbench/api/node/extensionHostProcess.js:142:57960)
  	at get testResults (/usr/lib/code/out/vs/workbench/api/node/extensionHostProcess.js:164:25429)
  	at T.activate (/home/strongerfx/.vscode-oss/extensions/ms-python.python-2024.10.0-universal/out/client/extension.js:2:824391)
  	at /home/strongerfx/.vscode-oss/extensions/ms-python.python-2024.10.0-universal/out/client/extension.js:2:2460
  	at Array.map (<anonymous>)
  	at m.activateWorkspace (/home/strongerfx/.vscode-oss/extensions/ms-python.python-2024.10.0-universal/out/client/extension.js:2:2450)]
]
2024-07-14 14:38:15.467 [error] Failure during activation. [Error: Extension 'ms-python.python' CANNOT use API proposal: testObserver.
Its package.json#enabledApiProposals-property declares:  but NOT testObserver.
 The missing proposal MUST be added and you must start in extension development mode or use the following command line switch: --enable-proposed-api ms-python.python
	at P (/usr/lib/code/out/vs/workbench/api/node/extensionHostProcess.js:142:57960)
	at get testResults (/usr/lib/code/out/vs/workbench/api/node/extensionHostProcess.js:164:25429)
	at T.activate (/home/strongerfx/.vscode-oss/extensions/ms-python.python-2024.10.0-universal/out/client/extension.js:2:824391)
	at /home/strongerfx/.vscode-oss/extensions/ms-python.python-2024.10.0-universal/out/client/extension.js:2:2460
	at Array.map (<anonymous>)
	at m.activateWorkspace (/home/strongerfx/.vscode-oss/extensions/ms-python.python-2024.10.0-universal/out/client/extension.js:2:2450)]
2024-07-14 14:38:15.467 [error] sendStartupTelemetry() failed. [Error: Extension 'ms-python.python' CANNOT use API proposal: testObserver.
Its package.json#enabledApiProposals-property declares:  but NOT testObserver.
 The missing proposal MUST be added and you must start in extension development mode or use the following command line switch: --enable-proposed-api ms-python.python
	at P (/usr/lib/code/out/vs/workbench/api/node/extensionHostProcess.js:142:57960)
	at get testResults (/usr/lib/code/out/vs/workbench/api/node/extensionHostProcess.js:164:25429)
	at T.activate (/home/strongerfx/.vscode-oss/extensions/ms-python.python-2024.10.0-universal/out/client/extension.js:2:824391)
	at /home/strongerfx/.vscode-oss/extensions/ms-python.python-2024.10.0-universal/out/client/extension.js:2:2460
	at Array.map (<anonymous>)
	at m.activateWorkspace (/home/strongerfx/.vscode-oss/extensions/ms-python.python-2024.10.0-universal/out/client/extension.js:2:2450)]
2024-07-14 14:38:15.470 [info] Python interpreter path: /bin/python
2024-07-14 14:38:17.943 [info] Starting Jedi language server for .config.
2024-07-14 14:40:10.764 [warning] could not find a pixi interpreter for the interpreter at /bin/python
2024-07-14 14:40:10.794 [info] Send text to terminal: /bin/python /home/strongerfx/.config/waybar/scripts/fetch_river_height.py
2024-07-14 14:40:11.081 [info] CreateEnv Trigger - Skipping for /home/strongerfx/.config/waybar/scripts/fetch_river_height.py
2024-07-14 14:42:28.467 [info] Send text to terminal: /bin/python /home/strongerfx/.config/waybar/scripts/fetch_river_height.py
2024-07-14 14:43:33.387 [info] Discover tests for workspace name: .config - uri: /home/strongerfx/.config/waybar/scripts/fetch_river_height.py
2024-07-14 14:44:32.403 [info] Send text to terminal: /bin/python /home/strongerfx/.config/waybar/scripts/fetch_river_height.py
2024-07-14 14:48:54.348 [info] Send text to terminal: /bin/python /home/strongerfx/.config/waybar/scripts/fetch_river_height.py
2024-07-14 14:49:10.867 [info] Discover tests for workspace name: .config - uri: /home/strongerfx/.config/waybar/scripts/fetch_river_height.py
2024-07-14 14:49:12.215 [info] Send text to terminal: /bin/python /home/strongerfx/.config/waybar/scripts/fetch_river_height.py
2024-07-14 14:49:14.781 [info] Discover tests for workspace name: .config - uri: /home/strongerfx/.config/waybar/scripts/fetch_river_height.py
2024-07-14 14:49:18.567 [info] Discover tests for workspace name: .config - uri: /home/strongerfx/.config/waybar/scripts/fetch_river_height.py
2024-07-14 14:49:19.343 [info] Send text to terminal: /bin/python /home/strongerfx/.config/waybar/scripts/fetch_river_height.py
2024-07-14 14:50:23.384 [info] Send text to terminal: /bin/python /home/strongerfx/.config/waybar/scripts/fetch_river_height.py
2024-07-14 14:50:26.702 [info] Send text to terminal: /bin/python /home/strongerfx/.config/waybar/scripts/fetch_river_height.py
2024-07-14 14:52:09.563 [info] Discover tests for workspace name: .config - uri: /home/strongerfx/.config/waybar/scripts/fetch_river_height.py
2024-07-14 14:52:10.860 [info] Send text to terminal: /bin/python /home/strongerfx/.config/waybar/scripts/fetch_river_height.py
2024-07-14 14:55:50.279 [info] Discover tests for workspace name: .config - uri: /home/strongerfx/.config/waybar/scripts/river_height.py
2024-07-14 14:55:57.595 [info] Discover tests for workspace name: .config - uri: /home/strongerfx/.config/waybar/scripts/river_height.py
2024-07-14 14:55:59.082 [info] Discover tests for workspace name: .config - uri: /home/strongerfx/.config/waybar/scripts/river_height.py
2024-07-14 14:56:08.315 [info] Discover tests for workspace name: .config - uri: /home/strongerfx/.config/waybar/scripts/river_height.py
2024-07-14 14:56:09.029 [info] Discover tests for workspace name: .config - uri: /home/strongerfx/.config/waybar/scripts/river_height.py
2024-07-14 14:56:10.997 [info] Send text to terminal: /bin/python /home/strongerfx/.config/waybar/scripts/river_height.py
2024-07-14 14:56:17.581 [info] Discover tests for workspace name: .config - uri: /home/strongerfx/.config/waybar/scripts/river_height.py
2024-07-14 14:56:20.110 [info] Send text to terminal: /bin/python /home/strongerfx/.config/waybar/scripts/river_height.py
2024-07-14 14:58:07.808 [info] Discover tests for workspace name: .config - uri: /home/strongerfx/.config/waybar/scripts/river_height.py
2024-07-14 14:58:10.148 [info] Send text to terminal: /bin/python /home/strongerfx/.config/waybar/scripts/river_height.py
2024-07-14 14:58:19.907 [info] Send text to terminal: /bin/python /home/strongerfx/.config/waybar/scripts/waybar-wttr.py
2024-07-14 14:58:30.739 [info] Send text to terminal: /bin/python /home/strongerfx/.config/waybar/scripts/river_height.py
2024-07-14 14:58:40.564 [info] Discover tests for workspace name: .config - uri: /home/strongerfx/.config/waybar/scripts/river_height.py
2024-07-14 14:58:41.346 [info] Send text to terminal: /bin/python /home/strongerfx/.config/waybar/scripts/river_height.py
2024-07-14 14:58:46.671 [info] Discover tests for workspace name: .config - uri: /home/strongerfx/.config/waybar/scripts/river_height.py
2024-07-14 14:58:47.164 [info] Send text to terminal: /bin/python /home/strongerfx/.config/waybar/scripts/river_height.py
2024-07-14 14:58:58.713 [warning] could not find a pixi interpreter for the interpreter at /bin/python
2024-07-14 14:58:58.723 [info] Send text to terminal: /bin/python /home/strongerfx/.config/waybar/scripts/river_height.py
2024-07-14 15:07:46.288 [info] Discover tests for workspace name: .config - uri: /home/strongerfx/.config/waybar/scripts/river_height.py
2024-07-14 15:11:03.461 [info] Discover tests for workspace name: .config - uri: /home/strongerfx/.config/waybar/scripts/river_height.py
2024-07-14 15:11:04.988 [info] Send text to terminal: /bin/python /home/strongerfx/.config/waybar/scripts/river_height.py
2024-07-14 15:11:13.465 [info] Send text to terminal: /bin/python /home/strongerfx/.config/waybar/scripts/river_height.py
2024-07-14 15:11:13.690 [info] Discover tests for workspace name: .config - uri: /home/strongerfx/.config/waybar/scripts/river_height.py
2024-07-14 15:11:21.125 [info] Discover tests for workspace name: .config - uri: /home/strongerfx/.config/waybar/scripts/river_height.py
2024-07-14 15:11:21.888 [info] Send text to terminal: /bin/python /home/strongerfx/.config/waybar/scripts/river_height.py
2024-07-14 15:12:05.631 [info] Discover tests for workspace name: .config - uri: /home/strongerfx/.config/waybar/scripts/river_height.py
2024-07-14 15:35:32.908 [info] Discover tests for workspace name: .config - uri: /home/strongerfx/.config/waybar/scripts/river_height.py
2024-07-14 15:35:33.956 [info] Discover tests for workspace name: .config - uri: /home/strongerfx/.config/waybar/scripts/river_height.py
2024-07-14 15:35:34.373 [info] Discover tests for workspace name: .config - uri: /home/strongerfx/.config/waybar/scripts/river_height.py
