2024-07-13 02:49:05.221 [info] Added views:workbench.panel.markers.view in workbench.panel.markers
2024-07-13 02:49:05.221 [info] Added views:workbench.panel.output in workbench.panel.output
2024-07-13 02:49:05.221 [info] Added views:terminal in terminal
2024-07-13 02:49:05.221 [info] Added views:outline in workbench.view.explorer
2024-07-13 02:49:05.221 [info] Added views:workbench.scm in workbench.view.scm
2024-07-13 02:49:05.221 [info] Added views:workbench.view.search in workbench.view.search
2024-07-13 02:49:05.221 [info] Added views:timeline in workbench.view.explorer
2024-07-13 02:49:05.221 [info] Added views:workbench.explorer.fileView in workbench.view.explorer
2024-07-13 02:49:06.339 [info] Added views:workbench.debug.variablesView,workbench.debug.watchExpressionsView,workbench.debug.callStackView,workbench.debug.breakPointsView in workbench.view.debug
2024-07-13 02:49:06.599 [info] Added views:~remote.forwardedPorts in ~remote.forwardedPortsContainer
2024-07-13 02:49:06.880 [info] Added views:workbench.panel.repl.view in workbench.panel.repl
2024-07-13 02:49:06.884 [info] Removed views:workbench.debug.breakPointsView,workbench.debug.callStackView,workbench.debug.watchExpressionsView,workbench.debug.variablesView from workbench.view.debug
2024-07-13 02:49:06.887 [info] Added views:workbench.debug.welcome in workbench.view.debug
2024-07-13 03:02:43.280 [info] Added views:workbench.panel.markers.view in workbench.panel.markers
2024-07-13 03:02:43.280 [info] Added views:workbench.panel.output in workbench.panel.output
2024-07-13 03:02:43.280 [info] Added views:terminal in terminal
2024-07-13 03:02:43.280 [info] Added views:outline in workbench.view.explorer
2024-07-13 03:02:43.280 [info] Added views:workbench.scm in workbench.view.scm
2024-07-13 03:02:43.280 [info] Added views:workbench.view.search in workbench.view.search
2024-07-13 03:02:43.280 [info] Added views:timeline in workbench.view.explorer
2024-07-13 03:02:43.280 [info] Added views:workbench.explorer.fileView in workbench.view.explorer
2024-07-13 03:02:43.689 [info] Added views:workbench.debug.welcome in workbench.view.debug
2024-07-13 03:02:44.800 [info] Added views:workbench.panel.repl.view in workbench.panel.repl
2024-07-13 03:02:45.530 [info] Added views:~remote.forwardedPorts in ~remote.forwardedPortsContainer
